
/home/runner/work/exp-surface-pressure-distribution-over-delta-wing-iitkgp/exp-surface-pressure-distribution-over-delta-wing-iitkgp/experiment/simulation/js/Build/DeltaPressure.framework.js
  1:10      warning  'unityFramework' is defined but never used                                        no-unused-vars
  2:5       warning  'Module' is already defined                                                       no-redeclare
  3:799     warning  'ENVIRONMENT_IS_PTHREAD' is not defined                                           no-undef
  3:1579    warning  'ENVIRONMENT_IS_PTHREAD' is not defined                                           no-undef
  3:2318    warning  'i' is already defined                                                            no-redeclare
  3:2351    warning  'old' is already defined                                                          no-redeclare
  3:2425    warning  'i' is already defined                                                            no-redeclare
  3:2458    warning  'old' is already defined                                                          no-redeclare
  3:2555    warning  'i' is already defined                                                            no-redeclare
  3:2588    warning  'old' is already defined                                                          no-redeclare
  3:4648    warning  'ENVIRONMENT_IS_PTHREAD' is not defined                                           no-undef
  3:5737    warning  Do not access Object.prototype method 'hasOwnProperty' from target object         no-prototype-builtins
  3:6169    warning  'process' is not defined                                                          no-undef
  3:6205    warning  'process' is not defined                                                          no-undef
  3:6613    warning  'require' is not defined                                                          no-undef
  3:6679    warning  '__dirname' is not defined                                                        no-undef
  3:6754    warning  'require' is not defined                                                          no-undef
  3:6790    warning  'require' is not defined                                                          no-undef
  3:7051    warning  'process' is not defined                                                          no-undef
  3:7089    warning  'process' is not defined                                                          no-undef
  3:7138    warning  'process' is not defined                                                          no-undef
  3:7195    warning  'module' is not defined                                                           no-undef
  3:7220    warning  'process' is not defined                                                          no-undef
  3:7311    warning  'process' is not defined                                                          no-undef
  3:7376    warning  'process' is not defined                                                          no-undef
  3:7561    warning  'read' is not defined                                                             no-undef
  3:7670    warning  'readbuffer' is not defined                                                       no-undef
  3:7690    warning  'read' is not defined                                                             no-undef
  3:7797    warning  'scriptArgs' is not defined                                                       no-undef
  3:7920    warning  'quit' is not defined                                                             no-undef
  3:7997    warning  Read-only global 'console' should not be modified                                 no-global-assign
  3:8083    warning  'printErr' is not defined                                                         no-undef
  3:9028    warning  'setWindowTitle' is assigned a value but never used                               no-unused-vars
  3:9085    warning  Empty block statement                                                             no-empty
  3:9240    warning  Do not access Object.prototype method 'hasOwnProperty' from target object         no-prototype-builtins
  3:10327   warning  'opts' is defined but never used                                                  no-unused-vars
  3:14370   warning  'INITIAL_MEMORY' is assigned a value but never used                               no-unused-vars
  3:14424   warning  'wasmTable' is assigned a value but never used                                    no-unused-vars
  3:14562   warning  'runtimeExited' is assigned a value but never used                                no-unused-vars
  3:15673   warning  'id' is defined but never used                                                    no-unused-vars
  3:15812   warning  'id' is defined but never used                                                    no-unused-vars
  3:16206   warning  'abort' is already defined                                                        no-redeclare
  3:17659   warning  'module' is defined but never used                                                no-unused-vars
  3:24659   warning  'Accelerometer' is not defined                                                    no-undef
  3:27819   warning  'err' is defined but never used                                                   no-unused-vars
  3:30004   warning  'LinearAccelerationSensor' is not defined                                         no-undef
  3:31528   warning  'GravitySensor' is not defined                                                    no-undef
  3:33762   warning  'Gyroscope' is not defined                                                        no-undef
  3:34999   warning  'dump' is not defined                                                             no-undef
  3:36767   warning  'RelativeOrientationSensor' is not defined                                        no-undef
  3:43552   warning  Empty block statement                                                             no-empty
  3:49114   warning  Empty block statement                                                             no-empty
  3:50453   warning  'ptr' is defined but never used                                                   no-unused-vars
  3:50457   warning  'length' is defined but never used                                                no-unused-vars
  3:50824   warning  'self' is assigned a value but never used                                         no-unused-vars
  3:55371   warning  'e' is not defined                                                                no-undef
  3:68456   warning  'uncaughtExceptionCount' is assigned a value but never used                       no-unused-vars
  3:75023   warning  Unnecessary escape character: \/                                                  no-useless-escape
  3:75036   warning  Unnecessary escape character: \/                                                  no-useless-escape
  3:75047   warning  Unnecessary escape character: \/                                                  no-useless-escape
  3:76527   warning  'require' is not defined                                                          no-undef
  3:76614   warning  Empty block statement                                                             no-empty
  3:77746   warning  'i' is already defined                                                            no-redeclare
  3:78371   warning  'pos' is defined but never used                                                   no-unused-vars
  3:78835   warning  'pos' is defined but never used                                                   no-unused-vars
  3:79212   warning  'Buffer' is not defined                                                           no-undef
  3:79225   warning  'Buffer' is not defined                                                           no-undef
  3:79251   warning  'Buffer' is not defined                                                           no-undef
  3:79313   warning  'process' is not defined                                                          no-undef
  3:79676   warning  'readline' is not defined                                                         no-undef
  3:80521   warning  'mount' is defined but never used                                                 no-unused-vars
  3:83928   warning  'parent' is defined but never used                                                no-unused-vars
  3:83935   warning  'name' is defined but never used                                                  no-unused-vars
  3:84190   warning  Empty block statement                                                             no-empty
  3:84213   warning  'i' is assigned a value but never used                                            no-unused-vars
  3:84638   warning  'i' is assigned a value but never used                                            no-unused-vars
  3:84838   warning  Do not access Object.prototype method 'hasOwnProperty' from target object         no-prototype-builtins
  3:87566   warning  'bytesWritten' is assigned a value but never used                                 no-unused-vars
  3:87989   warning  'mount' is defined but never used                                                 no-unused-vars
  3:91159   warning  'lookup' is assigned a value but never used                                       no-unused-vars
  3:92656   warning  'e' is defined but never used                                                     no-unused-vars
  3:94486   warning  Unexpected constant condition                                                     no-constant-condition
  3:96962   warning  'node' is assigned a value but never used                                         no-unused-vars
  3:97009   warning  Empty block statement                                                             no-empty
  3:103048  warning  Empty block statement                                                             no-empty
  3:103897  warning  Unnecessary catch clause                                                          no-useless-catch
  3:108576  warning  Empty block statement                                                             no-empty
  3:109947  warning  Unnecessary catch clause                                                          no-useless-catch
  3:112809  warning  'stream' is defined but never used                                                no-unused-vars
  3:114525  warning  'pos' is defined but never used                                                   no-unused-vars
  3:115803  warning  'stdin' is assigned a value but never used                                        no-unused-vars
  3:115837  warning  'stdout' is assigned a value but never used                                       no-unused-vars
  3:115873  warning  'stderr' is assigned a value but never used                                       no-unused-vars
  3:117373  warning  Empty block statement                                                             no-empty
  3:117512  warning  'lookup' is already defined                                                       no-redeclare
  3:117903  warning  'canRead' is defined but never used                                               no-unused-vars
  3:117911  warning  'canWrite' is defined but never used                                              no-unused-vars
  3:118140  warning  Empty block statement                                                             no-empty
  3:119232  warning  'stream' is defined but never used                                                no-unused-vars
  3:119343  warning  'pos' is defined but never used                                                   no-unused-vars
  3:119709  warning  'pos' is defined but never used                                                   no-unused-vars
  3:123345  warning  'properties' is already defined                                                   no-redeclare
  3:124192  warning  'i' is already defined                                                            no-redeclare
  3:130785  warning  'high' is defined but never used                                                  no-unused-vars
  3:130863  warning  'timeout' is defined but never used                                               no-unused-vars
  3:133998  warning  'mount' is defined but never used                                                 no-unused-vars
  3:135328  warning  'position' is defined but never used                                              no-unused-vars
  3:135524  warning  'position' is defined but never used                                              no-unused-vars
  3:137034  warning  'require' is not defined                                                          no-undef
  3:139102  warning  'error' is defined but never used                                                 no-unused-vars
  3:139476  warning  'error' is defined but never used                                                 no-unused-vars
  3:140419  warning  Empty block statement                                                             no-empty
  3:140566  warning  Empty block statement                                                             no-empty
  3:141573  warning  'backlog' is defined but never used                                               no-unused-vars
  3:141735  warning  'require' is not defined                                                          no-undef
  3:142448  warning  'error' is defined but never used                                                 no-unused-vars
  3:147946  warning  'flags' is defined but never used                                                 no-unused-vars
  3:148038  warning  'errno' is assigned a value but never used                                        no-unused-vars
  3:151384  warning  'arg' is already defined                                                          no-redeclare
  3:151443  warning  'arg' is already defined                                                          no-redeclare
  3:153732  warning  'errno' is assigned a value but never used                                        no-unused-vars
  3:154275  warning  'errno' is assigned a value but never used                                        no-unused-vars
  3:155250  warning  'argp' is already defined                                                         no-redeclare
  3:157638  warning  'mount' is defined but never used                                                 no-unused-vars
  3:158635  warning  'stream' is defined but never used                                                no-unused-vars
  3:158642  warning  'request' is defined but never used                                               no-unused-vars
  3:158650  warning  'varargs' is defined but never used                                               no-unused-vars
  3:158701  warning  'stream' is defined but never used                                                no-unused-vars
  3:158778  warning  'position' is defined but never used                                              no-unused-vars
  3:159231  warning  'i' is already defined                                                            no-redeclare
  3:159582  warning  'tmpSlice' is already defined                                                     no-redeclare
  3:159968  warning  'position' is defined but never used                                              no-unused-vars
  3:161270  warning  'newBucket' is already defined                                                    no-redeclare
  3:161926  warning  'timeout' is defined but never used                                               no-unused-vars
  3:162736  warning  'errno' is assigned a value but never used                                        no-unused-vars
  3:163000  warning  'flags' is defined but never used                                                 no-unused-vars
  3:163264  warning  'errno' is assigned a value but never used                                        no-unused-vars
  3:163402  warning  'i' is already defined                                                            no-redeclare
  3:164264  warning  'flags' is defined but never used                                                 no-unused-vars
  3:164690  warning  'i' is already defined                                                            no-redeclare
  3:165388  warning  'fd' is defined but never used                                                    no-unused-vars
  3:165414  warning  Unreachable code                                                                  no-unreachable
  3:165526  warning  'how' is defined but never used                                                   no-unused-vars
  3:168048  warning  'process' is not defined                                                          no-undef
  3:168152  warning  'dateNow' is not defined                                                          no-undef
  3:168552  warning  'handle' is defined but never used                                                no-unused-vars
  3:168607  warning  'filename' is defined but never used                                              no-unused-vars
  3:168616  warning  'flag' is defined but never used                                                  no-unused-vars
  3:168639  warning  'handle' is defined but never used                                                no-unused-vars
  3:168646  warning  'symbol' is defined but never used                                                no-unused-vars
  3:168782  warning  Expected a conditional expression and instead saw an assignment                   no-cond-assign
  3:168989  warning  'sync' is defined but never used                                                  no-unused-vars
  3:170252  warning  'setImmediate' is not defined                                                     no-undef
  3:170641  warning  'setImmediate' is not defined                                                     no-undef
  3:172641  warning  'SDL' is not defined                                                              no-undef
  3:172652  warning  'SDL' is not defined                                                              no-undef
  3:172680  warning  'SDL' is not defined                                                              no-undef
  3:174781  warning  'MozBlobBuilder' is not defined                                                   no-undef
  3:174834  warning  'WebKitBlobBuilder' is not defined                                                no-undef
  3:176317  warning  'event' is defined but never used                                                 no-unused-vars
  3:177219  warning  'event' is defined but never used                                                 no-unused-vars
  3:180192  warning  'canvas' is defined but never used                                                no-unused-vars
  3:180199  warning  'useWebGL' is defined but never used                                              no-unused-vars
  3:180208  warning  'setInModule' is defined but never used                                           no-unused-vars
  3:184770  warning  'SDL' is not defined                                                              no-undef
  3:184819  warning  'SDL' is not defined                                                              no-undef
  3:186404  warning  'event' is defined but never used                                                 no-unused-vars
  3:186973  warning  'SDL' is not defined                                                              no-undef
  3:187015  warning  'SDL' is not defined                                                              no-undef
  3:187197  warning  'SDL' is not defined                                                              no-undef
  3:187240  warning  'SDL' is not defined                                                              no-undef
  3:192865  warning  'ret' is assigned a value but never used                                          no-unused-vars
  3:200862  warning  'i' is already defined                                                            no-redeclare
  3:201035  warning  'i' is already defined                                                            no-redeclare
  3:202726  warning  Empty block statement                                                             no-empty
  3:203048  warning  Unexpected constant condition                                                     no-constant-condition
  3:203300  warning  Unexpected constant condition                                                     no-constant-condition
  3:203948  warning  Unexpected constant condition                                                     no-constant-condition
  3:204322  warning  'nextNext' is already defined                                                     no-redeclare
  3:206352  warning  'argText' is already defined                                                      no-redeclare
  3:208222  warning  'i' is already defined                                                            no-redeclare
  3:208658  warning  'i' is already defined                                                            no-redeclare
  3:208871  warning  'funstr' is assigned a value but never used                                       no-unused-vars
  3:210726  warning  'emscripten_source_map' is not defined                                            no-undef
  3:213582  warning  Empty block statement                                                             no-empty
  3:214151  warning  Expected a conditional expression and instead saw an assignment                   no-cond-assign
  3:214396  warning  'targetThread' is defined but never used                                          no-unused-vars
  3:215586  warning  'targetThread' is defined but never used                                          no-unused-vars
  3:216760  warning  'targetThread' is defined but never used                                          no-unused-vars
  3:218172  warning  'targetThread' is defined but never used                                          no-unused-vars
  3:220489  warning  'targetThread' is defined but never used                                          no-unused-vars
  3:221876  warning  'targetThread' is defined but never used                                          no-unused-vars
  3:222141  warning  'i' is already defined                                                            no-redeclare
  3:222244  warning  'i' is already defined                                                            no-redeclare
  3:222558  warning  'i' is already defined                                                            no-redeclare
  3:222576  warning  't' is already defined                                                            no-redeclare
  3:224320  warning  'targetThread' is defined but never used                                          no-unused-vars
  3:225418  warning  Empty block statement                                                             no-empty
  3:228772  warning  'i' is already defined                                                            no-redeclare
  3:228786  warning  Unexpected constant condition                                                     no-constant-condition
  3:238034  warning  'x' is already defined                                                            no-redeclare
  3:240532  warning  'fd' is defined but never used                                                    no-unused-vars
  3:240535  warning  'operation' is defined but never used                                             no-unused-vars
  3:243717  warning  'numBytesWrittenExclNull' is already defined                                      no-redeclare
  3:259547  warning  'i' is already defined                                                            no-redeclare
  3:263451  warning  'program' is defined but never used                                               no-unused-vars
  3:263459  warning  'bufSize' is defined but never used                                               no-unused-vars
  3:263467  warning  'length' is defined but never used                                                no-unused-vars
  3:263474  warning  'binaryFormat' is defined but never used                                          no-unused-vars
  3:263487  warning  'binary' is defined but never used                                                no-unused-vars
  3:264408  warning  'i' is already defined                                                            no-redeclare
  3:264681  warning  'i' is already defined                                                            no-redeclare
  3:269070  warning  'i' is already defined                                                            no-redeclare
  3:269279  warning  Expected a conditional expression and instead saw an assignment                   no-cond-assign
  3:270312  warning  Expected a conditional expression and instead saw an assignment                   no-cond-assign
  3:274083  warning  'program' is defined but never used                                               no-unused-vars
  3:274091  warning  'binaryFormat' is defined but never used                                          no-unused-vars
  3:274104  warning  'binary' is defined but never used                                                no-unused-vars
  3:274111  warning  'length' is defined but never used                                                no-unused-vars
  3:274170  warning  'program' is defined but never used                                               no-unused-vars
  3:274178  warning  'pname' is defined but never used                                                 no-unused-vars
  3:274184  warning  'value' is defined but never used                                                 no-unused-vars
  3:275119  warning  'internalFormat' is defined but never used                                        no-unused-vars
  3:277069  warning  'keepWhitespace' is defined but never used                                        no-unused-vars
  3:277598  warning  'len' is assigned a value but never used                                          no-unused-vars
  3:278527  warning  'j' is already defined                                                            no-redeclare
  3:281322  warning  Empty block statement                                                             no-empty
  3:281986  warning  Expected a conditional expression and instead saw an assignment                   no-cond-assign
  3:282560  warning  Expected a conditional expression and instead saw an assignment                   no-cond-assign
  3:287421  warning  'view' is already defined                                                         no-redeclare
  3:287931  warning  'view' is already defined                                                         no-redeclare
  3:288485  warning  'view' is already defined                                                         no-redeclare
  3:288915  warning  'view' is already defined                                                         no-redeclare
  3:289506  warning  'view' is already defined                                                         no-redeclare
  3:289971  warning  'view' is already defined                                                         no-redeclare
  3:290588  warning  'view' is already defined                                                         no-redeclare
  3:291089  warning  'view' is already defined                                                         no-redeclare
  3:292121  warning  'view' is already defined                                                         no-redeclare
  3:292947  warning  'view' is already defined                                                         no-redeclare
  3:294472  warning  Expected a conditional expression and instead saw an assignment                   no-cond-assign
  3:297153  warning  Empty block statement                                                             no-empty
  3:304158  warning  'rule' is already defined                                                         no-redeclare
  3:306565  warning  'i' is already defined                                                            no-redeclare
  3:306723  warning  'i' is already defined                                                            no-redeclare
  3:318899  warning  'asm' is assigned a value but never used                                          no-unused-vars
  3:318920  warning  '___wasm_call_ctors' is assigned a value but never used                           no-unused-vars
  3:319082  warning  '_SendMessageFloat' is assigned a value but never used                            no-unused-vars
  3:319240  warning  '_SendMessageString' is assigned a value but never used                           no-unused-vars
  3:319402  warning  '_SendMessage' is assigned a value but never used                                 no-unused-vars
  3:319540  warning  '_SetFullscreen' is assigned a value but never used                               no-unused-vars
  3:319686  warning  '_main' is assigned a value but never used                                        no-unused-vars
  3:322168  warning  'dynCall_iidiiii' is assigned a value but never used                              no-unused-vars
  3:329164  warning  'dynCall_viifii' is assigned a value but never used                               no-unused-vars
  3:330548  warning  'dynCall_iiijii' is assigned a value but never used                               no-unused-vars
  3:330694  warning  'dynCall_iijiiii' is assigned a value but never used                              no-unused-vars
  3:333074  warning  'dynCall_iiiiji' is assigned a value but never used                               no-unused-vars
  3:333398  warning  'dynCall_iidi' is assigned a value but never used                                 no-unused-vars
  3:333536  warning  'dynCall_iifi' is assigned a value but never used                                 no-unused-vars
  3:334534  warning  'dynCall_fiifi' is assigned a value but never used                                no-unused-vars
  3:334676  warning  'dynCall_iiffi' is assigned a value but never used                                no-unused-vars
  3:334818  warning  'dynCall_iiiifi' is assigned a value but never used                               no-unused-vars
  3:335844  warning  'dynCall_fiiffi' is assigned a value but never used                               no-unused-vars
  3:335990  warning  'dynCall_viiififii' is assigned a value but never used                            no-unused-vars
  3:337012  warning  'dynCall_iiifii' is assigned a value but never used                               no-unused-vars
  3:337158  warning  'dynCall_viiiifii' is assigned a value but never used                             no-unused-vars
  3:338216  warning  'dynCall_iiddi' is assigned a value but never used                                no-unused-vars
  3:338524  warning  'dynCall_fiifii' is assigned a value but never used                               no-unused-vars
  3:340296  warning  'dynCall_fffifffi' is assigned a value but never used                             no-unused-vars
  3:340450  warning  'dynCall_viiiifffi' is assigned a value but never used                            no-unused-vars
  3:340608  warning  'dynCall_fffifffffi' is assigned a value but never used                           no-unused-vars
  3:340770  warning  'dynCall_viiiifffffi' is assigned a value but never used                          no-unused-vars
  3:340936  warning  'dynCall_fffffi' is assigned a value but never used                               no-unused-vars
  3:341082  warning  'dynCall_viiiffi' is assigned a value but never used                              no-unused-vars
  3:341232  warning  'dynCall_fffiffffffi' is assigned a value but never used                          no-unused-vars
  3:341398  warning  'dynCall_viiiiffffffi' is assigned a value but never used                         no-unused-vars
  3:341568  warning  'dynCall_ifii' is assigned a value but never used                                 no-unused-vars
  3:341706  warning  'dynCall_iiiffi' is assigned a value but never used                               no-unused-vars
  3:341852  warning  'dynCall_iifffi' is assigned a value but never used                               no-unused-vars
  3:341998  warning  'dynCall_ifffi' is assigned a value but never used                                no-unused-vars
  3:342140  warning  'dynCall_iiifffi' is assigned a value but never used                              no-unused-vars
  3:342290  warning  'dynCall_iiiiifi' is assigned a value but never used                              no-unused-vars
  3:342440  warning  'dynCall_ffffi' is assigned a value but never used                                no-unused-vars
  3:342582  warning  'dynCall_ffffffi' is assigned a value but never used                              no-unused-vars
  3:342732  warning  'dynCall_iiiiffi' is assigned a value but never used                              no-unused-vars
  3:342882  warning  'dynCall_iiiiffffi' is assigned a value but never used                            no-unused-vars
  3:343040  warning  'dynCall_iiiifffffi' is assigned a value but never used                           no-unused-vars
  3:343202  warning  'dynCall_vifffffi' is assigned a value but never used                             no-unused-vars
  3:343514  warning  'dynCall_iifiii' is assigned a value but never used                               no-unused-vars
  3:343660  warning  'dynCall_idi' is assigned a value but never used                                  no-unused-vars
  3:343794  warning  'dynCall_ifi' is assigned a value but never used                                  no-unused-vars
  3:343928  warning  'dynCall_iiiiiffi' is assigned a value but never used                             no-unused-vars
  3:344082  warning  'dynCall_viiiiiiifiii' is assigned a value but never used                         no-unused-vars
  3:344252  warning  'dynCall_fiiifii' is assigned a value but never used                              no-unused-vars
  3:344402  warning  'dynCall_fifii' is assigned a value but never used                                no-unused-vars
  3:344544  warning  'dynCall_fiffi' is assigned a value but never used                                no-unused-vars
  3:344686  warning  'dynCall_iiiffii' is assigned a value but never used                              no-unused-vars
  3:344836  warning  'dynCall_fifiii' is assigned a value but never used                               no-unused-vars
  3:344982  warning  'dynCall_viiiiffii' is assigned a value but never used                            no-unused-vars
  3:345140  warning  'dynCall_viiiiifffi' is assigned a value but never used                           no-unused-vars
  3:345302  warning  'dynCall_viiifffi' is assigned a value but never used                             no-unused-vars
  3:345456  warning  'dynCall_fifiiiii' is assigned a value but never used                             no-unused-vars
  3:345610  warning  'dynCall_iiifiiii' is assigned a value but never used                             no-unused-vars
  3:345764  warning  'dynCall_viifiii' is assigned a value but never used                              no-unused-vars
  3:345914  warning  'dynCall_vifiiiii' is assigned a value but never used                             no-unused-vars
  3:346068  warning  'dynCall_viffiifffiii' is assigned a value but never used                         no-unused-vars
  3:346238  warning  'dynCall_viiiiiifi' is assigned a value but never used                            no-unused-vars
  3:346396  warning  'dynCall_viiiiffi' is assigned a value but never used                             no-unused-vars
  3:346550  warning  'dynCall_fiiiiii' is assigned a value but never used                              no-unused-vars
  3:346700  warning  'dynCall_fifffi' is assigned a value but never used                               no-unused-vars
  3:346846  warning  'dynCall_viffiiiii' is assigned a value but never used                            no-unused-vars
  3:347004  warning  'dynCall_vifiii' is assigned a value but never used                               no-unused-vars
  3:347150  warning  'dynCall_iiifiii' is assigned a value but never used                              no-unused-vars
  3:347300  warning  'dynCall_iifiifiii' is assigned a value but never used                            no-unused-vars
  3:347458  warning  'dynCall_vifffi' is assigned a value but never used                               no-unused-vars
  3:347604  warning  'dynCall_iifiiii' is assigned a value but never used                              no-unused-vars
  3:347754  warning  'dynCall_viddi' is assigned a value but never used                                no-unused-vars
  3:347896  warning  'dynCall_vijji' is assigned a value but never used                                no-unused-vars
  3:348038  warning  'dynCall_vijjjji' is assigned a value but never used                              no-unused-vars
  3:348188  warning  'dynCall_iijjjji' is assigned a value but never used                              no-unused-vars
  3:348338  warning  'dynCall_iiidi' is assigned a value but never used                                no-unused-vars
  3:348480  warning  'dynCall_iijjjjiii' is assigned a value but never used                            no-unused-vars
  3:348638  warning  'dynCall_iiiidi' is assigned a value but never used                               no-unused-vars
  3:348926  warning  'dynCall_viiidi' is assigned a value but never used                               no-unused-vars
  3:349072  warning  'dynCall_viiifii' is assigned a value but never used                              no-unused-vars
  3:349222  warning  'dynCall_fidi' is assigned a value but never used                                 no-unused-vars
  3:349360  warning  'dynCall_vidfi' is assigned a value but never used                                no-unused-vars
  3:349502  warning  'dynCall_diiiii' is assigned a value but never used                               no-unused-vars
  3:349648  warning  'dynCall_fifdi' is assigned a value but never used                                no-unused-vars
  3:349790  warning  'dynCall_didi' is assigned a value but never used                                 no-unused-vars
  3:349928  warning  'dynCall_iidii' is assigned a value but never used                                no-unused-vars
  3:350070  warning  'dynCall_vidii' is assigned a value but never used                                no-unused-vars
  3:350212  warning  'dynCall_didfiii' is assigned a value but never used                              no-unused-vars
  3:350362  warning  'dynCall_didfii' is assigned a value but never used                               no-unused-vars
  3:350508  warning  'dynCall_viiiddiii' is assigned a value but never used                            no-unused-vars
  3:350666  warning  'dynCall_viiiddi' is assigned a value but never used                              no-unused-vars
  3:350816  warning  'dynCall_fiddi' is assigned a value but never used                                no-unused-vars
  3:350958  warning  'dynCall_iiiiidddii' is assigned a value but never used                           no-unused-vars
  3:351120  warning  'dynCall_iiidii' is assigned a value but never used                               no-unused-vars
  3:351266  warning  'dynCall_iiidiiii' is assigned a value but never used                             no-unused-vars
  3:351420  warning  'dynCall_viddii' is assigned a value but never used                               no-unused-vars
  3:351566  warning  'dynCall_viiiidiii' is assigned a value but never used                            no-unused-vars
  3:351724  warning  'dynCall_iidiii' is assigned a value but never used                               no-unused-vars
  3:351870  warning  'dynCall_vifdii' is assigned a value but never used                               no-unused-vars
  3:352016  warning  'dynCall_didfiiii' is assigned a value but never used                             no-unused-vars
  3:352170  warning  'dynCall_fiddii' is assigned a value but never used                               no-unused-vars
  3:352316  warning  'dynCall_fiiddi' is assigned a value but never used                               no-unused-vars
  3:352462  warning  'dynCall_iiddiii' is assigned a value but never used                              no-unused-vars
  3:352612  warning  'dynCall_didfiiddi' is assigned a value but never used                            no-unused-vars
  3:352770  warning  'dynCall_didfiiiddi' is assigned a value but never used                           no-unused-vars
  3:352932  warning  'dynCall_viiiiddi' is assigned a value but never used                             no-unused-vars
  3:353086  warning  'dynCall_fidddi' is assigned a value but never used                               no-unused-vars
  3:353232  warning  'dynCall_diiiddi' is assigned a value but never used                              no-unused-vars
  3:353382  warning  'dynCall_diiiddii' is assigned a value but never used                             no-unused-vars
  3:353536  warning  'dynCall_vidiiii' is assigned a value but never used                              no-unused-vars
  3:353686  warning  'dynCall_viiiiifii' is assigned a value but never used                            no-unused-vars
  3:353844  warning  'dynCall_viiiiifdi' is assigned a value but never used                            no-unused-vars
  3:354002  warning  'dynCall_difiiii' is assigned a value but never used                              no-unused-vars
  3:354152  warning  'dynCall_didfidiii' is assigned a value but never used                            no-unused-vars
  3:354310  warning  'dynCall_viiifffiiiiiiii' is assigned a value but never used                      no-unused-vars
  3:354492  warning  'dynCall_diddi' is assigned a value but never used                                no-unused-vars
  3:354634  warning  'dynCall_ddi' is assigned a value but never used                                  no-unused-vars
  3:354768  warning  'dynCall_ddddi' is assigned a value but never used                                no-unused-vars
  3:354910  warning  'dynCall_jijii' is assigned a value but never used                                no-unused-vars
  3:355052  warning  'dynCall_iiiji' is assigned a value but never used                                no-unused-vars
  3:355194  warning  'dynCall_viiiiiiiiiiiiii' is assigned a value but never used                      no-unused-vars
  3:355376  warning  'dynCall_iiiiiji' is assigned a value but never used                              no-unused-vars
  3:355526  warning  'dynCall_viiijii' is assigned a value but never used                              no-unused-vars
  3:355676  warning  'dynCall_iiiiiiiiiiii' is assigned a value but never used                         no-unused-vars
  3:355846  warning  'dynCall_jidi' is assigned a value but never used                                 no-unused-vars
  3:355984  warning  'dynCall_diji' is assigned a value but never used                                 no-unused-vars
  3:356122  warning  'dynCall_vidddi' is assigned a value but never used                               no-unused-vars
  3:356268  warning  'dynCall_vjii' is assigned a value but never used                                 no-unused-vars
  3:356406  warning  'dynCall_jji' is assigned a value but never used                                  no-unused-vars
  3:356540  warning  'dynCall_ijii' is assigned a value but never used                                 no-unused-vars
  3:356678  warning  'dynCall_ijiii' is assigned a value but never used                                no-unused-vars
  3:356820  warning  'dynCall_iffffi' is assigned a value but never used                               no-unused-vars
  3:356966  warning  'dynCall_vfffi' is assigned a value but never used                                no-unused-vars
  3:357108  warning  'dynCall_vffi' is assigned a value but never used                                 no-unused-vars
  3:357246  warning  'dynCall_vffffi' is assigned a value but never used                               no-unused-vars
  3:357392  warning  'dynCall_viiiffii' is assigned a value but never used                             no-unused-vars
  3:357546  warning  'dynCall_vffffffii' is assigned a value but never used                            no-unused-vars
  3:357704  warning  'dynCall_vffffii' is assigned a value but never used                              no-unused-vars
  3:357854  warning  'dynCall_vfiii' is assigned a value but never used                                no-unused-vars
  3:357996  warning  'dynCall_iffi' is assigned a value but never used                                 no-unused-vars
  3:358134  warning  'dynCall_vfii' is assigned a value but never used                                 no-unused-vars
  3:358272  warning  'dynCall_vjiiii' is assigned a value but never used                               no-unused-vars
  3:358418  warning  'dynCall_vifffii' is assigned a value but never used                              no-unused-vars
  3:358568  warning  'dynCall_iiiifiiiii' is assigned a value but never used                           no-unused-vars
  3:358730  warning  'dynCall_iiiifiiii' is assigned a value but never used                            no-unused-vars
  3:358888  warning  'dynCall_iiiifiii' is assigned a value but never used                             no-unused-vars
  3:359042  warning  'dynCall_vijjii' is assigned a value but never used                               no-unused-vars
  3:359188  warning  'dynCall_viiiiiiifi' is assigned a value but never used                           no-unused-vars
  3:359350  warning  'dynCall_iiiiiiifiiii' is assigned a value but never used                         no-unused-vars
  3:359520  warning  'dynCall_viiiififfi' is assigned a value but never used                           no-unused-vars
  3:359682  warning  'dynCall_viiiifiifi' is assigned a value but never used                           no-unused-vars
  3:359844  warning  'dynCall_viiiifiiii' is assigned a value but never used                           no-unused-vars
  3:360006  warning  'dynCall_viiiifiiiii' is assigned a value but never used                          no-unused-vars
  3:360172  warning  'dynCall_viiiifiiiiiiii' is assigned a value but never used                       no-unused-vars
  3:360350  warning  'dynCall_viiiiiffii' is assigned a value but never used                           no-unused-vars
  3:360512  warning  'dynCall_viffffii' is assigned a value but never used                             no-unused-vars
  3:360666  warning  'dynCall_vifiiii' is assigned a value but never used                              no-unused-vars
  3:360816  warning  'dynCall_viiifiii' is assigned a value but never used                             no-unused-vars
  3:360970  warning  'dynCall_viiififi' is assigned a value but never used                             no-unused-vars
  3:361124  warning  'dynCall_viiififfi' is assigned a value but never used                            no-unused-vars
  3:361282  warning  'dynCall_iiiiifiii' is assigned a value but never used                            no-unused-vars
  3:361440  warning  'dynCall_iiifiifiii' is assigned a value but never used                           no-unused-vars
  3:361602  warning  'dynCall_viffiiii' is assigned a value but never used                             no-unused-vars
  3:361756  warning  'dynCall_viiiiffffiiii' is assigned a value but never used                        no-unused-vars
  3:361930  warning  'dynCall_iiiiiiffiiiiiiiiiffffiiii' is assigned a value but never used            no-unused-vars
  3:362152  warning  'dynCall_iiiiiiffiiiiiiiiiiiiiii' is assigned a value but never used              no-unused-vars
  3:362366  warning  'dynCall_fiiiffi' is assigned a value but never used                              no-unused-vars
  3:362516  warning  'dynCall_viffffiii' is assigned a value but never used                            no-unused-vars
  3:362674  warning  'dynCall_viijji' is assigned a value but never used                               no-unused-vars
  3:362820  warning  'dynCall_viififii' is assigned a value but never used                             no-unused-vars
  3:362974  warning  'dynCall_iiiffiiii' is assigned a value but never used                            no-unused-vars
  3:363132  warning  'dynCall_iiiiffiiii' is assigned a value but never used                           no-unused-vars
  3:363294  warning  'dynCall_viiffffi' is assigned a value but never used                             no-unused-vars
  3:363448  warning  'dynCall_viffiii' is assigned a value but never used                              no-unused-vars
  3:363598  warning  'dynCall_fiffffi' is assigned a value but never used                              no-unused-vars
  3:363748  warning  'dynCall_fffffffi' is assigned a value but never used                             no-unused-vars
  3:363902  warning  'dynCall_viffifi' is assigned a value but never used                              no-unused-vars
  3:364052  warning  'dynCall_viiffifi' is assigned a value but never used                             no-unused-vars
  3:364206  warning  'dynCall_viiififiii' is assigned a value but never used                           no-unused-vars
  3:364368  warning  'dynCall_viiffiiiiiiiii' is assigned a value but never used                       no-unused-vars
  3:364546  warning  'dynCall_viiiiiffiii' is assigned a value but never used                          no-unused-vars
  3:364712  warning  'dynCall_viiffiii' is assigned a value but never used                             no-unused-vars
  3:364866  warning  'dynCall_viiffiiiiiii' is assigned a value but never used                         no-unused-vars
  3:365036  warning  'dynCall_viiffii' is assigned a value but never used                              no-unused-vars
  3:365186  warning  'dynCall_fffffffffi' is assigned a value but never used                           no-unused-vars
  3:365348  warning  'dynCall_vifiiiiii' is assigned a value but never used                            no-unused-vars
  3:365506  warning  'dynCall_viifiiiiiii' is assigned a value but never used                          no-unused-vars
  3:365672  warning  'dynCall_viiififfiiiiiii' is assigned a value but never used                      no-unused-vars
  3:365854  warning  'dynCall_viiffiifiiiiiii' is assigned a value but never used                      no-unused-vars
  3:366036  warning  'dynCall_viifiiiiii' is assigned a value but never used                           no-unused-vars
  3:366198  warning  'dynCall_viiifiiiiii' is assigned a value but never used                          no-unused-vars
  3:366364  warning  'dynCall_viiiifiiiiii' is assigned a value but never used                         no-unused-vars
  3:366534  warning  'dynCall_viififiiiiii' is assigned a value but never used                         no-unused-vars
  3:366704  warning  'dynCall_viiiffiifiiiiiii' is assigned a value but never used                     no-unused-vars
  3:366890  warning  'dynCall_viiiiiifiiiiii' is assigned a value but never used                       no-unused-vars
  3:367068  warning  'dynCall_ffii' is assigned a value but never used                                 no-unused-vars
  3:367206  warning  'dynCall_viffii' is assigned a value but never used                               no-unused-vars
  3:367352  warning  'dynCall_vififiii' is assigned a value but never used                             no-unused-vars
  3:367506  warning  'dynCall_viiiiiiiijiiii' is assigned a value but never used                       no-unused-vars
  3:367684  warning  'dynCall_viifiiii' is assigned a value but never used                             no-unused-vars
  3:367838  warning  'dynCall_viiidii' is assigned a value but never used                              no-unused-vars
  3:367988  warning  'dynCall_ijiiiiiiiii' is assigned a value but never used                          no-unused-vars
  3:368154  warning  'dynCall_iiijiiiii' is assigned a value but never used                            no-unused-vars
  3:368312  warning  'dynCall_viiijiii' is assigned a value but never used                             no-unused-vars
  3:368466  warning  'dynCall_ijjiii' is assigned a value but never used                               no-unused-vars
  3:368612  warning  'dynCall_ffiii' is assigned a value but never used                                no-unused-vars
  3:368754  warning  'dynCall_ddiii' is assigned a value but never used                                no-unused-vars
  3:368896  warning  'dynCall_fffiii' is assigned a value but never used                               no-unused-vars
  3:369042  warning  'dynCall_dddiii' is assigned a value but never used                               no-unused-vars
  3:369188  warning  'dynCall_jjiii' is assigned a value but never used                                no-unused-vars
  3:369330  warning  'dynCall_jddi' is assigned a value but never used                                 no-unused-vars
  3:369468  warning  'dynCall_jjii' is assigned a value but never used                                 no-unused-vars
  3:369606  warning  'dynCall_jjjii' is assigned a value but never used                                no-unused-vars
  3:369748  warning  'dynCall_jdii' is assigned a value but never used                                 no-unused-vars
  3:369886  warning  'dynCall_djii' is assigned a value but never used                                 no-unused-vars
  3:370024  warning  'dynCall_fdi' is assigned a value but never used                                  no-unused-vars
  3:370158  warning  'dynCall_jjiiii' is assigned a value but never used                               no-unused-vars
  3:370304  warning  'dynCall_viiiiiiiiiiiiiiiiii' is assigned a value but never used                  no-unused-vars
  3:370502  warning  'dynCall_viiiiiiiiiiiiiiiiiiiiiiiiiiiiiiiiii' is assigned a value but never used  no-unused-vars
  3:370764  warning  'dynCall_viffffffffi' is assigned a value but never used                          no-unused-vars
  3:370930  warning  'dynCall_viddddi' is assigned a value but never used                              no-unused-vars
  3:371080  warning  'dynCall_ddii' is assigned a value but never used                                 no-unused-vars
  3:371218  warning  'dynCall_viddddddi' is assigned a value but never used                            no-unused-vars
  3:371376  warning  'dynCall_viddddddddi' is assigned a value but never used                          no-unused-vars
  3:371542  warning  'dynCall_vidddddddddi' is assigned a value but never used                         no-unused-vars
  3:371712  warning  'dynCall_viddddddddddddi' is assigned a value but never used                      no-unused-vars
  3:371894  warning  'dynCall_vididi' is assigned a value but never used                               no-unused-vars
  3:372040  warning  'dynCall_viddddddddddddddddi' is assigned a value but never used                  no-unused-vars
  3:372238  warning  'dynCall_vifffffffffi' is assigned a value but never used                         no-unused-vars
  3:372408  warning  'dynCall_viffffffffffffi' is assigned a value but never used                      no-unused-vars
  3:372590  warning  'dynCall_vififi' is assigned a value but never used                               no-unused-vars
  3:372736  warning  'dynCall_viffffffffffffffffi' is assigned a value but never used                  no-unused-vars
  3:372934  warning  'dynCall_ddddddi' is assigned a value but never used                              no-unused-vars
  3:373084  warning  'dynCall_jjjji' is assigned a value but never used                                no-unused-vars
  3:373226  warning  'dynCall_fffii' is assigned a value but never used                                no-unused-vars
  3:373368  warning  'dynCall_dddii' is assigned a value but never used                                no-unused-vars
  3:373510  warning  'dynCall_vdiii' is assigned a value but never used                                no-unused-vars
  3:373652  warning  'dynCall_viifffii' is assigned a value but never used                             no-unused-vars
  3:373806  warning  'dynCall_viiiffiffiiiiiiiiiiiiiii' is assigned a value but never used             no-unused-vars
  3:374024  warning  'dynCall_viiiffiffiiiiiiiiiiiiiiiii' is assigned a value but never used           no-unused-vars
  3:374250  warning  'dynCall_viiiiiffiiiii' is assigned a value but never used                        no-unused-vars
  3:374424  warning  'dynCall_iiiiiiiiiiiiiifiiiiii' is assigned a value but never used                no-unused-vars
  3:374630  warning  'dynCall_iiiiiiiiiiiiifiiiiii' is assigned a value but never used                 no-unused-vars
  3:374832  warning  'dynCall_iiiiiiiiiiiiiiifiiiiii' is assigned a value but never used               no-unused-vars
  3:375042  warning  'dynCall_viiiffffi' is assigned a value but never used                            no-unused-vars
  3:375200  warning  'dynCall_iiiiiiifi' is assigned a value but never used                            no-unused-vars
  3:375358  warning  'dynCall_iiiiiifiii' is assigned a value but never used                           no-unused-vars
  3:375520  warning  'dynCall_iiiiiiiifiiiii' is assigned a value but never used                       no-unused-vars
  3:375698  warning  'dynCall_vffiii' is assigned a value but never used                               no-unused-vars
  3:375844  warning  'dynCall_vififiiii' is assigned a value but never used                            no-unused-vars
  3:376002  warning  'dynCall_viiiiiiiifi' is assigned a value but never used                          no-unused-vars
  3:376168  warning  'dynCall_iifiiiii' is assigned a value but never used                             no-unused-vars
  3:376322  warning  'dynCall_iiiiiffii' is assigned a value but never used                            no-unused-vars
  3:376480  warning  'dynCall_viiiifiii' is assigned a value but never used                            no-unused-vars
  3:376638  warning  'dynCall_viiffffffi' is assigned a value but never used                           no-unused-vars
  3:376800  warning  'dynCall_viifffffffi' is assigned a value but never used                          no-unused-vars
  3:376966  warning  'dynCall_viiffffffffi' is assigned a value but never used                         no-unused-vars
  3:377136  warning  'dynCall_viiffffffffiii' is assigned a value but never used                       no-unused-vars
  3:377314  warning  'dynCall_viiiiffffii' is assigned a value but never used                          no-unused-vars
  3:377480  warning  'dynCall_ddidi' is assigned a value but never used                                no-unused-vars
  3:377622  warning  'dynCall_di' is assigned a value but never used                                   no-unused-vars
  3:377752  warning  'dynCall_jfi' is assigned a value but never used                                  no-unused-vars
  3:377886  warning  'dynCall_fji' is assigned a value but never used                                  no-unused-vars
  3:378020  warning  'dynCall_iiiddi' is assigned a value but never used                               no-unused-vars
  3:378166  warning  'dynCall_viddiiii' is assigned a value but never used                             no-unused-vars
  3:378320  warning  'dynCall_vdi' is assigned a value but never used                                  no-unused-vars
  3:378454  warning  'dynCall_iddi' is assigned a value but never used                                 no-unused-vars
  3:378592  warning  'dynCall_idddi' is assigned a value but never used                                no-unused-vars
  3:378734  warning  'dynCall_iddii' is assigned a value but never used                                no-unused-vars
  3:378876  warning  'dynCall_idiiii' is assigned a value but never used                               no-unused-vars
  3:379022  warning  'dynCall_iiiiiiiiiiiiii' is assigned a value but never used                       no-unused-vars
  3:379200  warning  'dynCall_vijiiiiiii' is assigned a value but never used                           no-unused-vars
  3:379362  warning  'dynCall_vijiiiiiiii' is assigned a value but never used                          no-unused-vars
  3:379528  warning  'dynCall_jjiiiii' is assigned a value but never used                              no-unused-vars
  3:379678  warning  'dynCall_jijjji' is assigned a value but never used                               no-unused-vars
  3:379824  warning  'dynCall_jijjjii' is assigned a value but never used                              no-unused-vars
  3:379974  warning  'dynCall_ijiiii' is assigned a value but never used                               no-unused-vars
  3:380120  warning  'dynCall_ijijiiiii' is assigned a value but never used                            no-unused-vars
  3:380278  warning  'dynCall_ijjjiii' is assigned a value but never used                              no-unused-vars
  3:380428  warning  'dynCall_vijjjiijii' is assigned a value but never used                           no-unused-vars
  3:380590  warning  'dynCall_ijjjiijii' is assigned a value but never used                            no-unused-vars
  3:380748  warning  'dynCall_vijiiiiii' is assigned a value but never used                            no-unused-vars
  3:380906  warning  'dynCall_vijiiii' is assigned a value but never used                              no-unused-vars
  3:381056  warning  'dynCall_dfi' is assigned a value but never used                                  no-unused-vars
  3:381190  warning  'dynCall_jidii' is assigned a value but never used                                no-unused-vars
  3:381332  warning  'dynCall_ijiijii' is assigned a value but never used                              no-unused-vars
  3:381482  warning  'dynCall_vjjiiiii' is assigned a value but never used                             no-unused-vars
  3:381636  warning  'dynCall_vjjii' is assigned a value but never used                                no-unused-vars
  3:381778  warning  'dynCall_ijiiji' is assigned a value but never used                               no-unused-vars
  3:381924  warning  'dynCall_ijiiiii' is assigned a value but never used                              no-unused-vars
  3:382074  warning  'dynCall_ijiiiiji' is assigned a value but never used                             no-unused-vars
  3:382228  warning  'dynCall_idiii' is assigned a value but never used                                no-unused-vars
  3:382370  warning  'dynCall_idiiiii' is assigned a value but never used                              no-unused-vars
  3:382520  warning  'dynCall_ifiii' is assigned a value but never used                                no-unused-vars
  3:382662  warning  'dynCall_ifiiiii' is assigned a value but never used                              no-unused-vars
  3:382812  warning  'dynCall_vijijji' is assigned a value but never used                              no-unused-vars
  3:382962  warning  'dynCall_iijjji' is assigned a value but never used                               no-unused-vars
  3:383108  warning  'dynCall_viijjji' is assigned a value but never used                              no-unused-vars
  3:383258  warning  'dynCall_vdii' is assigned a value but never used                                 no-unused-vars
  3:383546  warning  'dynCall_jijji' is assigned a value but never used                                no-unused-vars
  3:383688  warning  'dynCall_viiiijii' is assigned a value but never used                             no-unused-vars
  3:383842  warning  'dynCall_viiijji' is assigned a value but never used                              no-unused-vars
  3:383992  warning  'dynCall_iijjii' is assigned a value but never used                               no-unused-vars
  3:384138  warning  'dynCall_viijijii' is assigned a value but never used                             no-unused-vars
  3:384292  warning  'dynCall_viijijiii' is assigned a value but never used                            no-unused-vars
  3:384450  warning  'dynCall_vijiji' is assigned a value but never used                               no-unused-vars
  3:384596  warning  'dynCall_viijiijiii' is assigned a value but never used                           no-unused-vars
  3:384758  warning  'dynCall_viiiijiiii' is assigned a value but never used                           no-unused-vars
  3:384920  warning  'dynCall_jiiiiii' is assigned a value but never used                              no-unused-vars
  3:385070  warning  'dynCall_viijjii' is assigned a value but never used                              no-unused-vars
  3:385220  warning  'dynCall_iiiiijii' is assigned a value but never used                             no-unused-vars
  3:385374  warning  'dynCall_iiiiidii' is assigned a value but never used                             no-unused-vars
  3:385678  warning  'dynCall_iiiiifii' is assigned a value but never used                             no-unused-vars
  3:385832  warning  'dynCall_iiidiii' is assigned a value but never used                              no-unused-vars
  3:385982  warning  'dynCall_iiiiffiiiji' is assigned a value but never used                          no-unused-vars
  3:386148  warning  'dynCall_iiiiffiiiii' is assigned a value but never used                          no-unused-vars
  3:386314  warning  'dynCall_jiiiiji' is assigned a value but never used                              no-unused-vars
  3:386464  warning  'dynCall_fiiiifi' is assigned a value but never used                              no-unused-vars
  3:386614  warning  'dynCall_iiijjii' is assigned a value but never used                              no-unused-vars
  3:386764  warning  'dynCall_iiiijiii' is assigned a value but never used                             no-unused-vars
  3:386918  warning  'dynCall_iiiij' is assigned a value but never used                                no-unused-vars
  3:387060  warning  'dynCall_fff' is assigned a value but never used                                  no-unused-vars
  3:387194  warning  'dynCall_ijj' is assigned a value but never used                                  no-unused-vars
  3:387328  warning  'dynCall_vjji' is assigned a value but never used                                 no-unused-vars
  3:387466  warning  'dynCall_ij' is assigned a value but never used                                   no-unused-vars
  3:387596  warning  'dynCall_vjiiiiiii' is assigned a value but never used                            no-unused-vars
  3:387754  warning  'dynCall_vif' is assigned a value but never used                                  no-unused-vars
  3:387888  warning  'dynCall_vid' is assigned a value but never used                                  no-unused-vars
  3:388022  warning  'dynCall_viiiiif' is assigned a value but never used                              no-unused-vars
  3:388172  warning  'dynCall_viiiif' is assigned a value but never used                               no-unused-vars
  3:388318  warning  'dynCall_viiiiiif' is assigned a value but never used                             no-unused-vars
  3:388472  warning  'dynCall_iiif' is assigned a value but never used                                 no-unused-vars
  3:388610  warning  'dynCall_viiiiiji' is assigned a value but never used                             no-unused-vars
  3:388764  warning  'dynCall_fif' is assigned a value but never used                                  no-unused-vars
  3:388898  warning  'dynCall_iiiiiifff' is assigned a value but never used                            no-unused-vars
  3:389056  warning  'dynCall_iiiiiifiif' is assigned a value but never used                           no-unused-vars
  3:389218  warning  'dynCall_iiiiiiifiif' is assigned a value but never used                          no-unused-vars
  3:389384  warning  'dynCall_fiff' is assigned a value but never used                                 no-unused-vars
  3:389522  warning  'dynCall_fiiiiiifiifif' is assigned a value but never used                        no-unused-vars
  3:389696  warning  'dynCall_fiiiiiifiiiif' is assigned a value but never used                        no-unused-vars
  3:389870  warning  'dynCall_iifiiiijii' is assigned a value but never used                           no-unused-vars
  3:390032  warning  'dynCall_vifijii' is assigned a value but never used                              no-unused-vars
  3:390182  warning  'dynCall_iiiifffiii' is assigned a value but never used                           no-unused-vars
  3:390344  warning  'dynCall_viffiiiif' is assigned a value but never used                            no-unused-vars
  3:390502  warning  'dynCall_viffiifffffiii' is assigned a value but never used                       no-unused-vars
  3:390680  warning  'dynCall_viffffiifffiiiiif' is assigned a value but never used                    no-unused-vars
  3:390870  warning  'dynCall_iiiifffffii' is assigned a value but never used                          no-unused-vars
  3:391036  warning  'dynCall_viiiiiiiiiiifii' is assigned a value but never used                      no-unused-vars
  3:391218  warning  'dynCall_viff' is assigned a value but never used                                 no-unused-vars
  3:391356  warning  'dynCall_iiiiifiiiiif' is assigned a value but never used                         no-unused-vars
  3:391526  warning  'dynCall_viiifiiiii' is assigned a value but never used                           no-unused-vars
  3:391688  warning  'dynCall_viiiifiiiiif' is assigned a value but never used                         no-unused-vars
  3:391858  warning  'dynCall_iifff' is assigned a value but never used                                no-unused-vars
  3:392000  warning  'dynCall_iif' is assigned a value but never used                                  no-unused-vars
  3:392134  warning  'dynCall_viijijj' is assigned a value but never used                              no-unused-vars
  3:392284  warning  'dynCall_viijj' is assigned a value but never used                                no-unused-vars
  3:392426  warning  'dynCall_viiiij' is assigned a value but never used                               no-unused-vars
  3:392572  warning  'dynCall_iiijji' is assigned a value but never used                               no-unused-vars
  3:392718  warning  'dynCall_ijjiiiii' is assigned a value but never used                             no-unused-vars
  3:392872  warning  'dynCall_iiiiiifffiiifiii' is assigned a value but never used                     no-unused-vars
  3:393058  warning  'dynCall_viid' is assigned a value but never used                                 no-unused-vars
  3:393196  warning  'dynCall_fiiiif' is assigned a value but never used                               no-unused-vars
  3:393342  warning  'dynCall_iiiiiff' is assigned a value but never used                              no-unused-vars
  3:393492  warning  'dynCall_viffff' is assigned a value but never used                               no-unused-vars
  3:393638  warning  'dynCall_vifff' is assigned a value but never used                                no-unused-vars
  3:393780  warning  'dynCall_viifff' is assigned a value but never used                               no-unused-vars
  3:393926  warning  'dynCall_vij' is assigned a value but never used                                  no-unused-vars
  3:394060  warning  'dynCall_vf' is assigned a value but never used                                   no-unused-vars
  3:394332  warning  'dynCall_vff' is assigned a value but never used                                  no-unused-vars
  3:394604  warning  'dynCall_iiff' is assigned a value but never used                                 no-unused-vars
  3:394742  warning  'dynCall_f' is assigned a value but never used                                    no-unused-vars
  3:394868  warning  'dynCall_vffffffi' is assigned a value but never used                             no-unused-vars
  3:395022  warning  'dynCall_ff' is assigned a value but never used                                   no-unused-vars
  3:395152  warning  'dynCall_if' is assigned a value but never used                                   no-unused-vars
  3:395282  warning  'dynCall_iiiiiiifiii' is assigned a value but never used                          no-unused-vars
  3:395448  warning  'dynCall_iiifiifii' is assigned a value but never used                            no-unused-vars
  3:395606  warning  'dynCall_fiif' is assigned a value but never used                                 no-unused-vars
  3:395744  warning  'dynCall_iiiiiiffiiiiiiiiiffffiii' is assigned a value but never used             no-unused-vars
  3:395962  warning  'dynCall_viififi' is assigned a value but never used                              no-unused-vars
  3:396112  warning  'dynCall_viiiiiiiijiii' is assigned a value but never used                        no-unused-vars
  3:417817  warning  'calledMain' is assigned a value but never used                                   no-unused-vars
  3:419114  warning  Empty block statement                                                             no-empty

/home/runner/work/exp-surface-pressure-distribution-over-delta-wing-iitkgp/exp-surface-pressure-distribution-over-delta-wing-iitkgp/experiment/simulation/js/Build/DeltaPressure.loader.js
  1:10     warning  'createUnityInstance' is defined but never used                  no-unused-vars
  1:2910   warning  'e' is defined but never used                                    no-unused-vars
  1:3451   warning  't' is defined but never used                                    no-unused-vars
  1:3705   warning  'dump' is not defined                                            no-undef
  1:5383   warning  Move function declaration to function body root                  no-inner-declarations
  1:5660   warning  'e' is assigned to itself                                        no-self-assign
  1:6014   warning  'e' is defined but never used                                    no-unused-vars
  1:7044   warning  'e' is defined but never used                                    no-unused-vars
  1:7167   warning  'unityFramework' is not defined                                  no-undef
  1:8880   warning  'unityFramework' is not defined                                  no-undef
  1:8895   warning  'unityFramework' is not defined                                  no-undef
  1:8954   warning  'e' is defined but never used                                    no-unused-vars
  1:9586   warning  'e' is defined but never used                                    no-unused-vars
  1:10952  warning  Expected a conditional expression and instead saw an assignment  no-cond-assign
  1:11437  warning  Expected a conditional expression and instead saw an assignment  no-cond-assign
  1:11675  warning  'gl' is not defined                                              no-undef
  1:11701  warning  'glVersion' is not defined                                       no-undef
  1:11711  warning  'gl' is not defined                                              no-undef
  1:11718  warning  'gl' is not defined                                              no-undef
  1:11723  warning  'gl' is not defined                                              no-undef
  1:11754  warning  'glVersion' is not defined                                       no-undef
  1:11767  warning  'gl' is not defined                                              no-undef
  1:11774  warning  'gl' is not defined                                              no-undef
  1:11820  warning  'gl' is not defined                                              no-undef
  1:11844  warning  'gl' is not defined                                              no-undef
  1:12307  warning  'glVersion' is not defined                                       no-undef
  1:12764  warning  't' is already defined                                           no-redeclare
  1:17812  warning  Unnecessary escape character: \/                                 no-useless-escape

 654 problems (0 errors, 654 warnings)

